/home/shaharpit/miniconda3/envs/tensorflow/bin/python lumo_ev krr_model_custodi_rep lala_str_rep_padd 1000
/home/shaharpit/miniconda3/envs/tensorflow/bin/python
index = 61
/home/shaharpit/miniconda3/envs/tensorflow/bin/python ../scripts/run.py krr_model_custodi_rep lala_str_rep_padd lumo_ev 1000
====================================================================================================================================================================================
                              Running for model krr_model_custodi_rep with representation lala_str_rep_padd for lumo_ev property with 1000 test points
====================================================================================================================================================================================
Fitting 5 folds for each of 1 candidates, totalling 5 fits
Fitting 5 folds for each of 1 candidates, totalling 5 fits
Fitting 5 folds for each of 1 candidates, totalling 5 fits
Fitting 5 folds for each of 1 candidates, totalling 5 fits
Fitting 5 folds for each of 1 candidates, totalling 5 fits
Fitting 5 folds for each of 1 candidates, totalling 5 fits
Fitting 5 folds for each of 1 candidates, totalling 5 fits
Fitting 5 folds for each of 1 candidates, totalling 5 fits
Fitting 5 folds for each of 1 candidates, totalling 5 fits
Fitting 5 folds for each of 1 candidates, totalling 5 fits
==================================================
          COMPUTATION ENDED SUCCESSFULLY
==================================================
[CV 4/5] END alpha=53.09642118557309, custodi_alpha=67.60795412689627, degree=4, kernel=rbf;, score=-0.542 total time=   4.3s
[CV 4/5] END alpha=25.837173613558193, custodi_alpha=97.89036605359958, degree=6, kernel=rbf;, score=-0.499 total time=   6.4s
[CV 5/5] END alpha=52.86917892062767, custodi_alpha=5.7897937903745875, degree=3, kernel=rbf;, score=-0.584 total time=   4.4s
[CV 2/5] END alpha=14.741989720919053, custodi_alpha=78.32662923463667, degree=3, kernel=rbf;, score=-0.453 total time=   6.4s
[CV 5/5] END alpha=23.251410497886212, custodi_alpha=24.333601113480544, degree=5, kernel=rbf;, score=-0.532 total time=   4.5s
[CV 3/5] END alpha=83.81663987365626, custodi_alpha=99.12240547704931, degree=5, kernel=rbf;, score=-0.588 total time=   8.4s
[CV 5/5] END alpha=96.71312281711774, custodi_alpha=75.65529303867591, degree=3, kernel=rbf;, score=-0.581 total time=   4.6s
[CV 1/5] END alpha=51.04890953695797, custodi_alpha=52.69790786171154, degree=5, kernel=rbf;, score=-0.599 total time=   5.6s
[CV 1/5] END alpha=9.205458769976614, custodi_alpha=89.6172628241417, degree=5, kernel=rbf;, score=-0.513 total time=   6.1s
[CV 5/5] END alpha=36.953704044682475, custodi_alpha=44.01836897205382, degree=2, kernel=rbf;, score=-0.406 total time=   4.0s
[CV 5/5] END alpha=53.09642118557309, custodi_alpha=67.60795412689627, degree=4, kernel=rbf;, score=-0.517 total time=   4.6s
[CV 5/5] END alpha=25.837173613558193, custodi_alpha=97.89036605359958, degree=6, kernel=rbf;, score=-0.503 total time=   5.6s
[CV 4/5] END alpha=52.86917892062767, custodi_alpha=5.7897937903745875, degree=3, kernel=rbf;, score=-0.500 total time=   4.8s
[CV 4/5] END alpha=14.741989720919053, custodi_alpha=78.32662923463667, degree=3, kernel=rbf;, score=-0.406 total time=   4.1s
[CV 1/5] END alpha=23.251410497886212, custodi_alpha=24.333601113480544, degree=5, kernel=rbf;, score=-0.474 total time=   4.9s
[CV 2/5] END alpha=83.81663987365626, custodi_alpha=99.12240547704931, degree=5, kernel=rbf;, score=-0.568 total time=   8.2s
[CV 2/5] END alpha=96.71312281711774, custodi_alpha=75.65529303867591, degree=3, kernel=rbf;, score=-0.537 total time=   6.0s
[CV 4/5] END alpha=51.04890953695797, custodi_alpha=52.69790786171154, degree=5, kernel=rbf;, score=-0.527 total time=   6.0s
[CV 3/5] END alpha=9.205458769976614, custodi_alpha=89.6172628241417, degree=5, kernel=rbf;, score=-0.438 total time=   5.9s
[CV 4/5] END alpha=36.953704044682475, custodi_alpha=44.01836897205382, degree=2, kernel=rbf;, score=-0.394 total time=   4.3s
[CV 2/5] END alpha=53.09642118557309, custodi_alpha=67.60795412689627, degree=4, kernel=rbf;, score=-0.513 total time=   3.8s
[CV 1/5] END alpha=25.837173613558193, custodi_alpha=97.89036605359958, degree=6, kernel=rbf;, score=-0.432 total time=   4.7s
[CV 1/5] END alpha=52.86917892062767, custodi_alpha=5.7897937903745875, degree=3, kernel=rbf;, score=-0.503 total time=   4.7s
[CV 3/5] END alpha=14.741989720919053, custodi_alpha=78.32662923463667, degree=3, kernel=rbf;, score=-0.474 total time=   5.4s
[CV 3/5] END alpha=23.251410497886212, custodi_alpha=24.333601113480544, degree=5, kernel=rbf;, score=-0.441 total time=   4.8s
[CV 4/5] END alpha=83.81663987365626, custodi_alpha=99.12240547704931, degree=5, kernel=rbf;, score=-0.567 total time=   8.2s
[CV 3/5] END alpha=96.71312281711774, custodi_alpha=75.65529303867591, degree=3, kernel=rbf;, score=-0.596 total time=   6.2s
[CV 5/5] END alpha=51.04890953695797, custodi_alpha=52.69790786171154, degree=5, kernel=rbf;, score=-0.530 total time=   5.5s
[CV 2/5] END alpha=9.205458769976614, custodi_alpha=89.6172628241417, degree=5, kernel=rbf;, score=-0.409 total time=   5.3s
[CV 2/5] END alpha=36.953704044682475, custodi_alpha=44.01836897205382, degree=2, kernel=rbf;, score=-0.392 total time=   4.6s
[CV 1/5] END alpha=53.09642118557309, custodi_alpha=67.60795412689627, degree=4, kernel=rbf;, score=-0.511 total time=   4.6s
[CV 3/5] END alpha=25.837173613558193, custodi_alpha=97.89036605359958, degree=6, kernel=rbf;, score=-0.475 total time=   6.2s
[CV 3/5] END alpha=52.86917892062767, custodi_alpha=5.7897937903745875, degree=3, kernel=rbf;, score=-0.533 total time=   4.9s
[CV 5/5] END alpha=14.741989720919053, custodi_alpha=78.32662923463667, degree=3, kernel=rbf;, score=-0.457 total time=   5.9s
[CV 4/5] END alpha=23.251410497886212, custodi_alpha=24.333601113480544, degree=5, kernel=rbf;, score=-0.470 total time=   4.7s
[CV 1/5] END alpha=83.81663987365626, custodi_alpha=99.12240547704931, degree=5, kernel=rbf;, score=-0.570 total time=   7.3s
[CV 1/5] END alpha=96.71312281711774, custodi_alpha=75.65529303867591, degree=3, kernel=rbf;, score=-0.570 total time=   5.4s
[CV 3/5] END alpha=51.04890953695797, custodi_alpha=52.69790786171154, degree=5, kernel=rbf;, score=-0.535 total time=   6.3s
[CV 5/5] END alpha=9.205458769976614, custodi_alpha=89.6172628241417, degree=5, kernel=rbf;, score=-0.438 total time=   5.3s
[CV 3/5] END alpha=36.953704044682475, custodi_alpha=44.01836897205382, degree=2, kernel=rbf;, score=-0.400 total time=   4.7s
[CV 3/5] END alpha=53.09642118557309, custodi_alpha=67.60795412689627, degree=4, kernel=rbf;, score=-0.540 total time=   4.0s
[CV 2/5] END alpha=25.837173613558193, custodi_alpha=97.89036605359958, degree=6, kernel=rbf;, score=-0.495 total time=   5.2s
[CV 2/5] END alpha=52.86917892062767, custodi_alpha=5.7897937903745875, degree=3, kernel=rbf;, score=-0.532 total time=   4.3s
[CV 1/5] END alpha=14.741989720919053, custodi_alpha=78.32662923463667, degree=3, kernel=rbf;, score=-0.395 total time=   5.4s
[CV 2/5] END alpha=23.251410497886212, custodi_alpha=24.333601113480544, degree=5, kernel=rbf;, score=-0.500 total time=   5.3s
[CV 5/5] END alpha=83.81663987365626, custodi_alpha=99.12240547704931, degree=5, kernel=rbf;, score=-0.619 total time=   8.0s
[CV 4/5] END alpha=96.71312281711774, custodi_alpha=75.65529303867591, degree=3, kernel=rbf;, score=-0.568 total time=   5.0s
[CV 2/5] END alpha=51.04890953695797, custodi_alpha=52.69790786171154, degree=5, kernel=rbf;, score=-0.562 total time=   6.1s
[CV 4/5] END alpha=9.205458769976614, custodi_alpha=89.6172628241417, degree=5, kernel=rbf;, score=-0.431 total time=   5.2s
[CV 1/5] END alpha=36.953704044682475, custodi_alpha=44.01836897205382, degree=2, kernel=rbf;, score=-0.398 total time=   4.9s
