/home/shaharpit/miniconda3/envs/tensorflow/bin/python etot_neg_ev krr_model_custodi_rep smiles_str_rep_padd 1000
/home/shaharpit/miniconda3/envs/tensorflow/bin/python
index = 82
/home/shaharpit/miniconda3/envs/tensorflow/bin/python ../scripts/run.py krr_model_custodi_rep smiles_str_rep_padd etot_neg_ev 1000
=============================================================================================================================================================================================
                                Running for model krr_model_custodi_rep with representation smiles_str_rep_padd for etot_neg_ev property with 1000 test points
=============================================================================================================================================================================================
Fitting 5 folds for each of 1 candidates, totalling 5 fits
Fitting 5 folds for each of 1 candidates, totalling 5 fits
Fitting 5 folds for each of 1 candidates, totalling 5 fits
Fitting 5 folds for each of 1 candidates, totalling 5 fits
Fitting 5 folds for each of 1 candidates, totalling 5 fits
Fitting 5 folds for each of 1 candidates, totalling 5 fits
Fitting 5 folds for each of 1 candidates, totalling 5 fits
Fitting 5 folds for each of 1 candidates, totalling 5 fits
Fitting 5 folds for each of 1 candidates, totalling 5 fits
Fitting 5 folds for each of 1 candidates, totalling 5 fits
==================================================
          COMPUTATION ENDED SUCCESSFULLY
==================================================
[CV 1/5] END alpha=53.09642118557309, custodi_alpha=67.60795412689627, degree=4, kernel=rbf;, score=-0.677 total time=   7.7s
[CV 2/5] END alpha=25.837173613558193, custodi_alpha=97.89036605359958, degree=6, kernel=rbf;, score=-0.675 total time=  10.4s
[CV 1/5] END alpha=52.86917892062767, custodi_alpha=5.7897937903745875, degree=3, kernel=rbf;, score=-0.667 total time=   5.2s
[CV 2/5] END alpha=14.741989720919053, custodi_alpha=78.32662923463667, degree=3, kernel=rbf;, score=-0.542 total time=   5.5s
[CV 2/5] END alpha=23.251410497886212, custodi_alpha=24.333601113480544, degree=5, kernel=rbf;, score=-0.649 total time=   8.0s
[CV 4/5] END alpha=83.81663987365626, custodi_alpha=99.12240547704931, degree=5, kernel=rbf;, score=-0.736 total time=   6.4s
[CV 2/5] END alpha=96.71312281711774, custodi_alpha=75.65529303867591, degree=3, kernel=rbf;, score=-0.700 total time=   5.0s
[CV 1/5] END alpha=51.04890953695797, custodi_alpha=52.69790786171154, degree=5, kernel=rbf;, score=-0.697 total time=   7.3s
[CV 2/5] END alpha=9.205458769976614, custodi_alpha=89.6172628241417, degree=5, kernel=rbf;, score=-0.552 total time=   6.9s
[CV 1/5] END alpha=36.953704044682475, custodi_alpha=44.01836897205382, degree=2, kernel=rbf;, score=-0.596 total time=   4.9s
[CV 3/5] END alpha=53.09642118557309, custodi_alpha=67.60795412689627, degree=4, kernel=rbf;, score=-0.678 total time=   8.5s
[CV 4/5] END alpha=25.837173613558193, custodi_alpha=97.89036605359958, degree=6, kernel=rbf;, score=-0.711 total time=  11.1s
[CV 3/5] END alpha=52.86917892062767, custodi_alpha=5.7897937903745875, degree=3, kernel=rbf;, score=-0.659 total time=   4.7s
[CV 1/5] END alpha=14.741989720919053, custodi_alpha=78.32662923463667, degree=3, kernel=rbf;, score=-0.547 total time=   6.0s
[CV 3/5] END alpha=23.251410497886212, custodi_alpha=24.333601113480544, degree=5, kernel=rbf;, score=-0.650 total time=   7.7s
[CV 2/5] END alpha=83.81663987365626, custodi_alpha=99.12240547704931, degree=5, kernel=rbf;, score=-0.718 total time=   6.3s
[CV 1/5] END alpha=96.71312281711774, custodi_alpha=75.65529303867591, degree=3, kernel=rbf;, score=-0.700 total time=   5.3s
[CV 2/5] END alpha=51.04890953695797, custodi_alpha=52.69790786171154, degree=5, kernel=rbf;, score=-0.704 total time=   7.3s
[CV 3/5] END alpha=9.205458769976614, custodi_alpha=89.6172628241417, degree=5, kernel=rbf;, score=-0.564 total time=   8.2s
[CV 5/5] END alpha=36.953704044682475, custodi_alpha=44.01836897205382, degree=2, kernel=rbf;, score=-0.585 total time=   5.0s
[CV 5/5] END alpha=53.09642118557309, custodi_alpha=67.60795412689627, degree=4, kernel=rbf;, score=-0.680 total time=   6.6s
[CV 1/5] END alpha=25.837173613558193, custodi_alpha=97.89036605359958, degree=6, kernel=rbf;, score=-0.676 total time=  11.6s
[CV 5/5] END alpha=52.86917892062767, custodi_alpha=5.7897937903745875, degree=3, kernel=rbf;, score=-0.654 total time=   5.1s
[CV 5/5] END alpha=14.741989720919053, custodi_alpha=78.32662923463667, degree=3, kernel=rbf;, score=-0.523 total time=   6.0s
[CV 5/5] END alpha=23.251410497886212, custodi_alpha=24.333601113480544, degree=5, kernel=rbf;, score=-0.652 total time=   8.0s
[CV 5/5] END alpha=83.81663987365626, custodi_alpha=99.12240547704931, degree=5, kernel=rbf;, score=-0.706 total time=   6.3s
[CV 3/5] END alpha=96.71312281711774, custodi_alpha=75.65529303867591, degree=3, kernel=rbf;, score=-0.684 total time=   5.2s
[CV 3/5] END alpha=51.04890953695797, custodi_alpha=52.69790786171154, degree=5, kernel=rbf;, score=-0.688 total time=   7.0s
[CV 1/5] END alpha=9.205458769976614, custodi_alpha=89.6172628241417, degree=5, kernel=rbf;, score=-0.572 total time=   8.1s
[CV 4/5] END alpha=36.953704044682475, custodi_alpha=44.01836897205382, degree=2, kernel=rbf;, score=-0.619 total time=   5.5s
[CV 4/5] END alpha=53.09642118557309, custodi_alpha=67.60795412689627, degree=4, kernel=rbf;, score=-0.714 total time=   8.4s
[CV 3/5] END alpha=25.837173613558193, custodi_alpha=97.89036605359958, degree=6, kernel=rbf;, score=-0.671 total time=  10.9s
[CV 2/5] END alpha=52.86917892062767, custodi_alpha=5.7897937903745875, degree=3, kernel=rbf;, score=-0.671 total time=   5.4s
[CV 3/5] END alpha=14.741989720919053, custodi_alpha=78.32662923463667, degree=3, kernel=rbf;, score=-0.528 total time=   4.7s
[CV 1/5] END alpha=23.251410497886212, custodi_alpha=24.333601113480544, degree=5, kernel=rbf;, score=-0.661 total time=   7.9s
[CV 3/5] END alpha=83.81663987365626, custodi_alpha=99.12240547704931, degree=5, kernel=rbf;, score=-0.701 total time=   6.6s
[CV 5/5] END alpha=96.71312281711774, custodi_alpha=75.65529303867591, degree=3, kernel=rbf;, score=-0.689 total time=   5.2s
[CV 5/5] END alpha=51.04890953695797, custodi_alpha=52.69790786171154, degree=5, kernel=rbf;, score=-0.692 total time=   7.3s
[CV 5/5] END alpha=9.205458769976614, custodi_alpha=89.6172628241417, degree=5, kernel=rbf;, score=-0.563 total time=   7.8s
[CV 2/5] END alpha=36.953704044682475, custodi_alpha=44.01836897205382, degree=2, kernel=rbf;, score=-0.599 total time=   5.5s
[CV 2/5] END alpha=53.09642118557309, custodi_alpha=67.60795412689627, degree=4, kernel=rbf;, score=-0.694 total time=   8.6s
[CV 5/5] END alpha=25.837173613558193, custodi_alpha=97.89036605359958, degree=6, kernel=rbf;, score=-0.678 total time=  11.0s
[CV 4/5] END alpha=52.86917892062767, custodi_alpha=5.7897937903745875, degree=3, kernel=rbf;, score=-0.696 total time=   5.3s
[CV 4/5] END alpha=14.741989720919053, custodi_alpha=78.32662923463667, degree=3, kernel=rbf;, score=-0.573 total time=   5.8s
[CV 4/5] END alpha=23.251410497886212, custodi_alpha=24.333601113480544, degree=5, kernel=rbf;, score=-0.690 total time=   6.5s
[CV 1/5] END alpha=83.81663987365626, custodi_alpha=99.12240547704931, degree=5, kernel=rbf;, score=-0.716 total time=   6.5s
[CV 4/5] END alpha=96.71312281711774, custodi_alpha=75.65529303867591, degree=3, kernel=rbf;, score=-0.725 total time=   5.3s
[CV 4/5] END alpha=51.04890953695797, custodi_alpha=52.69790786171154, degree=5, kernel=rbf;, score=-0.727 total time=   7.4s
[CV 4/5] END alpha=9.205458769976614, custodi_alpha=89.6172628241417, degree=5, kernel=rbf;, score=-0.604 total time=   8.0s
[CV 3/5] END alpha=36.953704044682475, custodi_alpha=44.01836897205382, degree=2, kernel=rbf;, score=-0.584 total time=   5.8s
