/home/shaharpit/miniconda3/envs/tensorflow/bin/python gap_ev graph_conv mol_conv_rep 7600
/home/shaharpit/miniconda3/envs/tensorflow/bin/python
index = 30
/home/shaharpit/miniconda3/envs/tensorflow/bin/python ../scripts/run.py graph_conv mol_conv_rep gap_ev 7600
==========================================================================================================================================================
                          Running for model graph_conv with representation mol_conv_rep for gap_ev property with 7600 test points
==========================================================================================================================================================
Fitting 5 folds for each of 1 candidates, totalling 5 fits
[CV 1/5] END batch_size=143, learning_rate=0.06760827480818249, n_filters=184, n_fully_connected_nodes=188;, score=-0.387 total time=40.8min
[CV 5/5] END batch_size=78, learning_rate=0.09789038693897774, n_filters=238, n_fully_connected_nodes=179;, score=-0.325 total time=50.8min
[CV 1/5] END batch_size=143, learning_rate=0.005790726471509332, n_filters=130, n_fully_connected_nodes=101;, score=-0.279 total time=27.0min
[CV 3/5] END batch_size=51, learning_rate=0.07832684380102871, n_filters=154, n_fully_connected_nodes=151;, score=-1.548 total time=31.6min
[CV 1/5] END batch_size=72, learning_rate=0.024334350210904434, n_filters=204, n_fully_connected_nodes=119;, score=-0.852 total time=41.4min
[CV 3/5] END batch_size=217, learning_rate=0.09912241416523597, n_filters=205, n_fully_connected_nodes=157;, score=-1.501 total time=46.0min
[CV 2/5] END batch_size=248, learning_rate=0.07565553405129892, n_filters=146, n_fully_connected_nodes=99;, score=-0.357 total time=35.6min
[CV 2/5] END batch_size=139, learning_rate=0.05269837615247054, n_filters=203, n_fully_connected_nodes=69;, score=-0.206 total time=42.1min
[CV 5/5] END batch_size=38, learning_rate=0.08961736561325004, n_filters=216, n_fully_connected_nodes=243;, score=-4.162 total time=45.2min
[CV 1/5] END batch_size=105, learning_rate=0.04401892319025642, n_filters=114, n_fully_connected_nodes=217;, score=-0.240 total time=24.2min
[CV 3/5] END batch_size=143, learning_rate=0.06760827480818249, n_filters=184, n_fully_connected_nodes=188;, score=-0.551 total time=40.6min
[CV 3/5] END batch_size=78, learning_rate=0.09789038693897774, n_filters=238, n_fully_connected_nodes=179;, score=-3.162 total time=52.2min
[CV 3/5] END batch_size=143, learning_rate=0.005790726471509332, n_filters=130, n_fully_connected_nodes=101;, score=-0.177 total time=25.3min
[CV 1/5] END batch_size=51, learning_rate=0.07832684380102871, n_filters=154, n_fully_connected_nodes=151;, score=-0.224 total time=33.2min
[CV 5/5] END batch_size=72, learning_rate=0.024334350210904434, n_filters=204, n_fully_connected_nodes=119;, score=-0.424 total time=40.7min
[CV 1/5] END batch_size=217, learning_rate=0.09912241416523597, n_filters=205, n_fully_connected_nodes=157;, score=-1.223 total time=46.7min
[CV 4/5] END batch_size=248, learning_rate=0.07565553405129892, n_filters=146, n_fully_connected_nodes=99;, score=-0.514 total time=37.1min
[CV 3/5] END batch_size=139, learning_rate=0.05269837615247054, n_filters=203, n_fully_connected_nodes=69;, score=-0.508 total time=38.3min
[CV 1/5] END batch_size=38, learning_rate=0.08961736561325004, n_filters=216, n_fully_connected_nodes=243;, score=-0.261 total time=46.7min
[CV 3/5] END batch_size=105, learning_rate=0.04401892319025642, n_filters=114, n_fully_connected_nodes=217;, score=-0.232 total time=26.6min
[CV 2/5] END batch_size=143, learning_rate=0.06760827480818249, n_filters=184, n_fully_connected_nodes=188;, score=-0.430 total time=39.9min
[CV 1/5] END batch_size=78, learning_rate=0.09789038693897774, n_filters=238, n_fully_connected_nodes=179;, score=-1.644 total time=51.2min
[CV 2/5] END batch_size=143, learning_rate=0.005790726471509332, n_filters=130, n_fully_connected_nodes=101;, score=-0.173 total time=26.1min
[CV 2/5] END batch_size=51, learning_rate=0.07832684380102871, n_filters=154, n_fully_connected_nodes=151;, score=-0.730 total time=32.0min
[CV 2/5] END batch_size=72, learning_rate=0.024334350210904434, n_filters=204, n_fully_connected_nodes=119;, score=-1.282 total time=41.4min
[CV 4/5] END batch_size=217, learning_rate=0.09912241416523597, n_filters=205, n_fully_connected_nodes=157;, score=-1.713 total time=44.9min
[CV 1/5] END batch_size=248, learning_rate=0.07565553405129892, n_filters=146, n_fully_connected_nodes=99;, score=-0.370 total time=35.3min
[CV 1/5] END batch_size=139, learning_rate=0.05269837615247054, n_filters=203, n_fully_connected_nodes=69;, score=-0.368 total time=40.3min
[CV 3/5] END batch_size=38, learning_rate=0.08961736561325004, n_filters=216, n_fully_connected_nodes=243;, score=-8.609 total time=46.6min
[CV 2/5] END batch_size=105, learning_rate=0.04401892319025642, n_filters=114, n_fully_connected_nodes=217;, score=-1.973 total time=27.7min
[CV 5/5] END batch_size=143, learning_rate=0.06760827480818249, n_filters=184, n_fully_connected_nodes=188;, score=-0.636 total time=40.6min
[CV 4/5] END batch_size=78, learning_rate=0.09789038693897774, n_filters=238, n_fully_connected_nodes=179;, score=-2.089 total time=52.9min
[CV 5/5] END batch_size=143, learning_rate=0.005790726471509332, n_filters=130, n_fully_connected_nodes=101;, score=-0.164 total time=27.3min
[CV 4/5] END batch_size=51, learning_rate=0.07832684380102871, n_filters=154, n_fully_connected_nodes=151;, score=-0.547 total time=33.0min
[CV 4/5] END batch_size=72, learning_rate=0.024334350210904434, n_filters=204, n_fully_connected_nodes=119;, score=-0.267 total time=41.3min
[CV 2/5] END batch_size=217, learning_rate=0.09912241416523597, n_filters=205, n_fully_connected_nodes=157;, score=-3.268 total time=46.8min
[CV 5/5] END batch_size=248, learning_rate=0.07565553405129892, n_filters=146, n_fully_connected_nodes=99;, score=-1.764 total time=37.6min
[CV 4/5] END batch_size=139, learning_rate=0.05269837615247054, n_filters=203, n_fully_connected_nodes=69;, score=-0.247 total time=41.1min
[CV 4/5] END batch_size=38, learning_rate=0.08961736561325004, n_filters=216, n_fully_connected_nodes=243;, score=-0.545 total time=47.3min
[CV 4/5] END batch_size=105, learning_rate=0.04401892319025642, n_filters=114, n_fully_connected_nodes=217;, score=-0.300 total time=27.9min
[CV 4/5] END batch_size=143, learning_rate=0.06760827480818249, n_filters=184, n_fully_connected_nodes=188;, score=-0.437 total time=40.5min
[CV 2/5] END batch_size=78, learning_rate=0.09789038693897774, n_filters=238, n_fully_connected_nodes=179;, score=-2.609 total time=52.3min
[CV 4/5] END batch_size=143, learning_rate=0.005790726471509332, n_filters=130, n_fully_connected_nodes=101;, score=-0.161 total time=27.8min
[CV 5/5] END batch_size=51, learning_rate=0.07832684380102871, n_filters=154, n_fully_connected_nodes=151;, score=-1.538 total time=32.3min
[CV 3/5] END batch_size=72, learning_rate=0.024334350210904434, n_filters=204, n_fully_connected_nodes=119;, score=-0.249 total time=42.1min
[CV 5/5] END batch_size=217, learning_rate=0.09912241416523597, n_filters=205, n_fully_connected_nodes=157;, score=-0.693 total time=46.6min
[CV 3/5] END batch_size=248, learning_rate=0.07565553405129892, n_filters=146, n_fully_connected_nodes=99;, score=-1.126 total time=38.4min
[CV 5/5] END batch_size=139, learning_rate=0.05269837615247054, n_filters=203, n_fully_connected_nodes=69;, score=-0.395 total time=39.2min
[CV 2/5] END batch_size=38, learning_rate=0.08961736561325004, n_filters=216, n_fully_connected_nodes=243;, score=-3.960 total time=47.6min
[CV 5/5] END batch_size=105, learning_rate=0.04401892319025642, n_filters=114, n_fully_connected_nodes=217;, score=-0.468 total time=28.9min
Fitting 5 folds for each of 1 candidates, totalling 5 fits
Fitting 5 folds for each of 1 candidates, totalling 5 fits
Fitting 5 folds for each of 1 candidates, totalling 5 fits
Fitting 5 folds for each of 1 candidates, totalling 5 fits
Fitting 5 folds for each of 1 candidates, totalling 5 fits
Fitting 5 folds for each of 1 candidates, totalling 5 fits
Fitting 5 folds for each of 1 candidates, totalling 5 fits
Fitting 5 folds for each of 1 candidates, totalling 5 fits
Fitting 5 folds for each of 1 candidates, totalling 5 fits
==================================================
          COMPUTATION ENDED SUCCESSFULLY
==================================================
