/home/shaharpit/miniconda3/envs/tensorflow/bin/python etot_pos_ev rf_model_custodi_rep lala_str_rep_padd 1000
/home/shaharpit/miniconda3/envs/tensorflow/bin/python
index = 75
/home/shaharpit/miniconda3/envs/tensorflow/bin/python ../scripts/run.py rf_model_custodi_rep lala_str_rep_padd etot_pos_ev 1000
========================================================================================================================================================================================
                              Running for model rf_model_custodi_rep with representation lala_str_rep_padd for etot_pos_ev property with 1000 test points
========================================================================================================================================================================================
Fitting 5 folds for each of 1 candidates, totalling 5 fits
Fitting 5 folds for each of 1 candidates, totalling 5 fits
Fitting 5 folds for each of 1 candidates, totalling 5 fits
Fitting 5 folds for each of 1 candidates, totalling 5 fits
Fitting 5 folds for each of 1 candidates, totalling 5 fits
Fitting 5 folds for each of 1 candidates, totalling 5 fits
Fitting 5 folds for each of 1 candidates, totalling 5 fits
Fitting 5 folds for each of 1 candidates, totalling 5 fits
Fitting 5 folds for each of 1 candidates, totalling 5 fits
Fitting 5 folds for each of 1 candidates, totalling 5 fits
==================================================
          COMPUTATION ENDED SUCCESSFULLY
==================================================
[CV 3/5] END custodi_alpha=53.09642118557309, degree=4, n_estimators=349;, score=-0.004 total time=   2.5s
[CV 1/5] END custodi_alpha=25.837173613558193, degree=6, n_estimators=463;, score=-0.005 total time=   3.5s
[CV 1/5] END custodi_alpha=52.86917892062767, degree=1, n_estimators=237;, score=-0.002 total time=   2.0s
[CV 3/5] END custodi_alpha=14.741989720919053, degree=5, n_estimators=288;, score=-0.006 total time=   3.6s
[CV 5/5] END custodi_alpha=23.251410497886212, degree=2, n_estimators=391;, score=-0.003 total time=   1.5s
[CV 3/5] END custodi_alpha=83.81663987365626, degree=6, n_estimators=393;, score=-0.008 total time=   4.3s
[CV 3/5] END custodi_alpha=96.71312281711774, degree=5, n_estimators=271;, score=-0.005 total time=   3.6s
[CV 1/5] END custodi_alpha=51.04890953695797, degree=4, n_estimators=389;, score=-0.004 total time=   2.2s
[CV 3/5] END custodi_alpha=9.205458769976614, degree=5, n_estimators=417;, score=-0.005 total time=   2.8s
[CV 1/5] END custodi_alpha=36.953704044682475, degree=3, n_estimators=205;, score=-0.003 total time=   3.3s
[CV 2/5] END custodi_alpha=53.09642118557309, degree=4, n_estimators=349;, score=-0.003 total time=   2.6s
[CV 3/5] END custodi_alpha=25.837173613558193, degree=6, n_estimators=463;, score=-0.007 total time=   4.2s
[CV 5/5] END custodi_alpha=52.86917892062767, degree=1, n_estimators=237;, score=-0.002 total time=   1.5s
[CV 4/5] END custodi_alpha=14.741989720919053, degree=5, n_estimators=288;, score=-0.006 total time=   2.9s
[CV 1/5] END custodi_alpha=23.251410497886212, degree=2, n_estimators=391;, score=-0.002 total time=   1.6s
[CV 1/5] END custodi_alpha=83.81663987365626, degree=6, n_estimators=393;, score=-0.003 total time=   4.3s
[CV 4/5] END custodi_alpha=96.71312281711774, degree=5, n_estimators=271;, score=-0.006 total time=   4.4s
[CV 3/5] END custodi_alpha=51.04890953695797, degree=4, n_estimators=389;, score=-0.004 total time=   2.3s
[CV 5/5] END custodi_alpha=9.205458769976614, degree=5, n_estimators=417;, score=-0.004 total time=   3.8s
[CV 3/5] END custodi_alpha=36.953704044682475, degree=3, n_estimators=205;, score=-0.004 total time=   3.4s
[CV 5/5] END custodi_alpha=53.09642118557309, degree=4, n_estimators=349;, score=-0.006 total time=   2.7s
[CV 5/5] END custodi_alpha=25.837173613558193, degree=6, n_estimators=463;, score=-0.007 total time=   3.9s
[CV 4/5] END custodi_alpha=52.86917892062767, degree=1, n_estimators=237;, score=-0.004 total time=   1.6s
[CV 1/5] END custodi_alpha=14.741989720919053, degree=5, n_estimators=288;, score=-0.002 total time=   3.2s
[CV 2/5] END custodi_alpha=23.251410497886212, degree=2, n_estimators=391;, score=-0.002 total time=   1.5s
[CV 2/5] END custodi_alpha=83.81663987365626, degree=6, n_estimators=393;, score=-0.003 total time=   4.0s
[CV 1/5] END custodi_alpha=96.71312281711774, degree=5, n_estimators=271;, score=-0.002 total time=   4.6s
[CV 4/5] END custodi_alpha=51.04890953695797, degree=4, n_estimators=389;, score=-0.004 total time=   2.1s
[CV 4/5] END custodi_alpha=9.205458769976614, degree=5, n_estimators=417;, score=-0.005 total time=   3.5s
[CV 2/5] END custodi_alpha=36.953704044682475, degree=3, n_estimators=205;, score=-0.003 total time=   3.4s
[CV 4/5] END custodi_alpha=53.09642118557309, degree=4, n_estimators=349;, score=-0.007 total time=   2.6s
[CV 4/5] END custodi_alpha=25.837173613558193, degree=6, n_estimators=463;, score=-0.006 total time=   3.7s
[CV 3/5] END custodi_alpha=52.86917892062767, degree=1, n_estimators=237;, score=-0.001 total time=   2.1s
[CV 5/5] END custodi_alpha=14.741989720919053, degree=5, n_estimators=288;, score=-0.005 total time=   2.9s
[CV 3/5] END custodi_alpha=23.251410497886212, degree=2, n_estimators=391;, score=-0.002 total time=   1.8s
[CV 5/5] END custodi_alpha=83.81663987365626, degree=6, n_estimators=393;, score=-0.006 total time=   4.9s
[CV 5/5] END custodi_alpha=96.71312281711774, degree=5, n_estimators=271;, score=-0.006 total time=   4.2s
[CV 2/5] END custodi_alpha=51.04890953695797, degree=4, n_estimators=389;, score=-0.005 total time=   2.1s
[CV 1/5] END custodi_alpha=9.205458769976614, degree=5, n_estimators=417;, score=-0.003 total time=   4.3s
[CV 5/5] END custodi_alpha=36.953704044682475, degree=3, n_estimators=205;, score=-0.004 total time=   3.4s
[CV 1/5] END custodi_alpha=53.09642118557309, degree=4, n_estimators=349;, score=-0.003 total time=   2.6s
[CV 2/5] END custodi_alpha=25.837173613558193, degree=6, n_estimators=463;, score=-0.005 total time=   3.7s
[CV 2/5] END custodi_alpha=52.86917892062767, degree=1, n_estimators=237;, score=-0.003 total time=   1.9s
[CV 2/5] END custodi_alpha=14.741989720919053, degree=5, n_estimators=288;, score=-0.005 total time=   3.2s
[CV 4/5] END custodi_alpha=23.251410497886212, degree=2, n_estimators=391;, score=-0.003 total time=   1.6s
[CV 4/5] END custodi_alpha=83.81663987365626, degree=6, n_estimators=393;, score=-0.005 total time=   4.2s
[CV 2/5] END custodi_alpha=96.71312281711774, degree=5, n_estimators=271;, score=-0.005 total time=   4.7s
[CV 5/5] END custodi_alpha=51.04890953695797, degree=4, n_estimators=389;, score=-0.005 total time=   2.1s
[CV 2/5] END custodi_alpha=9.205458769976614, degree=5, n_estimators=417;, score=-0.005 total time=   4.0s
[CV 4/5] END custodi_alpha=36.953704044682475, degree=3, n_estimators=205;, score=-0.004 total time=   3.6s
