/home/shaharpit/miniconda3/envs/tensorflow/bin/python etot_neg_ev graph_conv mol_conv_rep 5000
/home/shaharpit/miniconda3/envs/tensorflow/bin/python
index = 25
/home/shaharpit/miniconda3/envs/tensorflow/bin/python ../scripts/run.py graph_conv mol_conv_rep etot_neg_ev 5000
==================================================================================================================================================================
                           Running for model graph_conv with representation mol_conv_rep for etot_neg_ev property with 5000 test points
==================================================================================================================================================================
Fitting 5 folds for each of 1 candidates, totalling 5 fits
[CV 1/5] END batch_size=143, learning_rate=0.06760827480818249, n_filters=184, n_fully_connected_nodes=188;, score=-1.371 total time=331.3min
Fitting 5 folds for each of 1 candidates, totalling 5 fits
[CV 3/5] END batch_size=143, learning_rate=0.06760827480818249, n_filters=184, n_fully_connected_nodes=188;, score=-0.216 total time=339.1min
[CV 3/5] END batch_size=78, learning_rate=0.09789038693897774, n_filters=238, n_fully_connected_nodes=179;, score=-0.396 total time=406.0min
[CV 2/5] END batch_size=143, learning_rate=0.06760827480818249, n_filters=184, n_fully_connected_nodes=188;, score=-2.291 total time=339.6min
[CV 4/5] END batch_size=78, learning_rate=0.09789038693897774, n_filters=238, n_fully_connected_nodes=179;, score=-1.230 total time=406.0min
Fitting 5 folds for each of 1 candidates, totalling 5 fits
[CV 4/5] END batch_size=143, learning_rate=0.06760827480818249, n_filters=184, n_fully_connected_nodes=188;, score=-0.329 total time=336.4min
[CV 2/5] END batch_size=78, learning_rate=0.09789038693897774, n_filters=238, n_fully_connected_nodes=179;, score=-0.352 total time=411.4min
[CV 3/5] END batch_size=143, learning_rate=0.005790726471509332, n_filters=130, n_fully_connected_nodes=101;, score=-0.116 total time=215.7min
Fitting 5 folds for each of 1 candidates, totalling 5 fits
[CV 5/5] END batch_size=78, learning_rate=0.09789038693897774, n_filters=238, n_fully_connected_nodes=179;, score=-1.077 total time=405.8min
[CV 2/5] END batch_size=143, learning_rate=0.005790726471509332, n_filters=130, n_fully_connected_nodes=101;, score=-0.053 total time=221.2min
[CV 2/5] END batch_size=51, learning_rate=0.07832684380102871, n_filters=154, n_fully_connected_nodes=151;, score=-2.031 total time=284.3min
[CV 5/5] END batch_size=143, learning_rate=0.06760827480818249, n_filters=184, n_fully_connected_nodes=188;, score=-1.884 total time=335.8min
[CV 1/5] END batch_size=78, learning_rate=0.09789038693897774, n_filters=238, n_fully_connected_nodes=179;, score=-1.204 total time=408.9min
[CV 1/5] END batch_size=143, learning_rate=0.005790726471509332, n_filters=130, n_fully_connected_nodes=101;, score=-0.012 total time=220.7min
[CV 1/5] END batch_size=51, learning_rate=0.07832684380102871, n_filters=154, n_fully_connected_nodes=151;, score=-3.514 total time=286.6min
Fitting 5 folds for each of 1 candidates, totalling 5 fits
[CV 5/5] END batch_size=143, learning_rate=0.005790726471509332, n_filters=130, n_fully_connected_nodes=101;, score=-0.337 total time=222.3min
[CV 4/5] END batch_size=51, learning_rate=0.07832684380102871, n_filters=154, n_fully_connected_nodes=151;, score=-0.182 total time=294.0min
[CV 2/5] END batch_size=72, learning_rate=0.024334350210904434, n_filters=204, n_fully_connected_nodes=119;, score=-2.177 total time=340.6min
[CV 4/5] END batch_size=143, learning_rate=0.005790726471509332, n_filters=130, n_fully_connected_nodes=101;, score=-0.034 total time=221.9min
[CV 3/5] END batch_size=51, learning_rate=0.07832684380102871, n_filters=154, n_fully_connected_nodes=151;, score=-2.511 total time=295.2min
[CV 3/5] END batch_size=72, learning_rate=0.024334350210904434, n_filters=204, n_fully_connected_nodes=119;, score=-0.049 total time=340.6min
[CV 5/5] END batch_size=51, learning_rate=0.07832684380102871, n_filters=154, n_fully_connected_nodes=151;, score=-0.654 total time=288.0min
[CV 1/5] END batch_size=72, learning_rate=0.024334350210904434, n_filters=204, n_fully_connected_nodes=119;, score=-0.739 total time=350.4min
[CV 4/5] END batch_size=72, learning_rate=0.024334350210904434, n_filters=204, n_fully_connected_nodes=119;, score=-0.344 total time=351.7min
Fitting 5 folds for each of 1 candidates, totalling 5 fits
[CV 5/5] END batch_size=217, learning_rate=0.09912241416523597, n_filters=205, n_fully_connected_nodes=157;, score=-4.912 total time=365.6min
[CV 2/5] END batch_size=217, learning_rate=0.09912241416523597, n_filters=205, n_fully_connected_nodes=157;, score=-0.781 total time=374.6min
[CV 5/5] END batch_size=72, learning_rate=0.024334350210904434, n_filters=204, n_fully_connected_nodes=119;, score=-0.884 total time=358.7min
[CV 1/5] END batch_size=217, learning_rate=0.09912241416523597, n_filters=205, n_fully_connected_nodes=157;, score=-0.739 total time=377.8min
Fitting 5 folds for each of 1 candidates, totalling 5 fits
[CV 3/5] END batch_size=217, learning_rate=0.09912241416523597, n_filters=205, n_fully_connected_nodes=157;, score=-0.164 total time=377.7min
[CV 1/5] END batch_size=248, learning_rate=0.07565553405129892, n_filters=146, n_fully_connected_nodes=99;, score=-0.388 total time=240.3min
[CV 4/5] END batch_size=217, learning_rate=0.09912241416523597, n_filters=205, n_fully_connected_nodes=157;, score=-3.898 total time=381.0min
[CV 2/5] END batch_size=248, learning_rate=0.07565553405129892, n_filters=146, n_fully_connected_nodes=99;, score=-1.726 total time=247.9min
Fitting 5 folds for each of 1 candidates, totalling 5 fits
[CV 3/5] END batch_size=248, learning_rate=0.07565553405129892, n_filters=146, n_fully_connected_nodes=99;, score=-2.458 total time=253.4min
[CV 1/5] END batch_size=139, learning_rate=0.05269837615247054, n_filters=203, n_fully_connected_nodes=69;, score=-0.023 total time=307.9min
[CV 5/5] END batch_size=248, learning_rate=0.07565553405129892, n_filters=146, n_fully_connected_nodes=99;, score=-0.640 total time=255.0min
[CV 2/5] END batch_size=139, learning_rate=0.05269837615247054, n_filters=203, n_fully_connected_nodes=69;, score=-0.041 total time=314.9min
[CV 4/5] END batch_size=248, learning_rate=0.07565553405129892, n_filters=146, n_fully_connected_nodes=99;, score=-0.942 total time=255.0min
[CV 3/5] END batch_size=139, learning_rate=0.05269837615247054, n_filters=203, n_fully_connected_nodes=69;, score=-1.929 total time=316.4min
[CV 5/5] END batch_size=139, learning_rate=0.05269837615247054, n_filters=203, n_fully_connected_nodes=69;, score=-1.174 total time=318.8min
Fitting 5 folds for each of 1 candidates, totalling 5 fits
[CV 2/5] END batch_size=38, learning_rate=0.08961736561325004, n_filters=216, n_fully_connected_nodes=243;, score=-0.649 total time=421.5min
[CV 3/5] END batch_size=38, learning_rate=0.08961736561325004, n_filters=216, n_fully_connected_nodes=243;, score=-1.053 total time=424.0min
[CV 5/5] END batch_size=38, learning_rate=0.08961736561325004, n_filters=216, n_fully_connected_nodes=243;, score=-1.193 total time=429.0min
[CV 4/5] END batch_size=139, learning_rate=0.05269837615247054, n_filters=203, n_fully_connected_nodes=69;, score=-0.220 total time=326.5min
[CV 1/5] END batch_size=38, learning_rate=0.08961736561325004, n_filters=216, n_fully_connected_nodes=243;, score=-0.582 total time=431.1min
Fitting 5 folds for each of 1 candidates, totalling 5 fits
[CV 2/5] END batch_size=105, learning_rate=0.04401892319025642, n_filters=114, n_fully_connected_nodes=217;, score=-2.199 total time=208.7min
[CV 4/5] END batch_size=38, learning_rate=0.08961736561325004, n_filters=216, n_fully_connected_nodes=243;, score=-0.603 total time=447.3min
[CV 1/5] END batch_size=105, learning_rate=0.04401892319025642, n_filters=114, n_fully_connected_nodes=217;, score=-1.172 total time=215.0min
[CV 3/5] END batch_size=105, learning_rate=0.04401892319025642, n_filters=114, n_fully_connected_nodes=217;, score=-0.656 total time=212.6min
[CV 5/5] END batch_size=105, learning_rate=0.04401892319025642, n_filters=114, n_fully_connected_nodes=217;, score=-0.101 total time=212.7min
[CV 4/5] END batch_size=105, learning_rate=0.04401892319025642, n_filters=114, n_fully_connected_nodes=217;, score=-0.469 total time=213.0min
==================================================
          COMPUTATION ENDED SUCCESSFULLY
==================================================
