/home/shaharpit/miniconda3/envs/tensorflow/bin/python lumo_ev rf_model_custodi_rep smiles_str_rep_padd 1000
/home/shaharpit/miniconda3/envs/tensorflow/bin/python
index = 60
/home/shaharpit/miniconda3/envs/tensorflow/bin/python ../scripts/run.py rf_model_custodi_rep smiles_str_rep_padd lumo_ev 1000
======================================================================================================================================================================================
                              Running for model rf_model_custodi_rep with representation smiles_str_rep_padd for lumo_ev property with 1000 test points
======================================================================================================================================================================================
Fitting 5 folds for each of 1 candidates, totalling 5 fits
Fitting 5 folds for each of 1 candidates, totalling 5 fits
Fitting 5 folds for each of 1 candidates, totalling 5 fits
Fitting 5 folds for each of 1 candidates, totalling 5 fits
Fitting 5 folds for each of 1 candidates, totalling 5 fits
Fitting 5 folds for each of 1 candidates, totalling 5 fits
Fitting 5 folds for each of 1 candidates, totalling 5 fits
Fitting 5 folds for each of 1 candidates, totalling 5 fits
Fitting 5 folds for each of 1 candidates, totalling 5 fits
Fitting 5 folds for each of 1 candidates, totalling 5 fits
==================================================
          COMPUTATION ENDED SUCCESSFULLY
==================================================
[CV 5/5] END custodi_alpha=53.09642118557309, degree=4, n_estimators=349;, score=-0.207 total time=  25.1s
[CV 5/5] END custodi_alpha=25.837173613558193, degree=6, n_estimators=463;, score=-0.206 total time=  36.9s
[CV 4/5] END custodi_alpha=52.86917892062767, degree=1, n_estimators=237;, score=-0.218 total time=  11.4s
[CV 3/5] END custodi_alpha=14.741989720919053, degree=5, n_estimators=288;, score=-0.172 total time=  30.1s
[CV 4/5] END custodi_alpha=23.251410497886212, degree=2, n_estimators=391;, score=-0.231 total time=  20.1s
[CV 5/5] END custodi_alpha=83.81663987365626, degree=6, n_estimators=393;, score=-0.208 total time=  26.8s
[CV 2/5] END custodi_alpha=96.71312281711774, degree=5, n_estimators=271;, score=-0.209 total time=  22.3s
[CV 1/5] END custodi_alpha=51.04890953695797, degree=4, n_estimators=389;, score=-0.202 total time=  18.6s
[CV 1/5] END custodi_alpha=9.205458769976614, degree=5, n_estimators=417;, score=-0.199 total time=  23.1s
[CV 5/5] END custodi_alpha=36.953704044682475, degree=3, n_estimators=205;, score=-0.213 total time=  12.8s
[CV 2/5] END custodi_alpha=53.09642118557309, degree=4, n_estimators=349;, score=-0.201 total time=  23.8s
[CV 4/5] END custodi_alpha=25.837173613558193, degree=6, n_estimators=463;, score=-0.199 total time=  37.2s
[CV 3/5] END custodi_alpha=52.86917892062767, degree=1, n_estimators=237;, score=-0.208 total time=  11.9s
[CV 4/5] END custodi_alpha=14.741989720919053, degree=5, n_estimators=288;, score=-0.210 total time=  25.6s
[CV 1/5] END custodi_alpha=23.251410497886212, degree=2, n_estimators=391;, score=-0.216 total time=  18.5s
[CV 1/5] END custodi_alpha=83.81663987365626, degree=6, n_estimators=393;, score=-0.204 total time=  26.3s
[CV 1/5] END custodi_alpha=96.71312281711774, degree=5, n_estimators=271;, score=-0.197 total time=  24.8s
[CV 4/5] END custodi_alpha=51.04890953695797, degree=4, n_estimators=389;, score=-0.209 total time=  21.3s
[CV 5/5] END custodi_alpha=9.205458769976614, degree=5, n_estimators=417;, score=-0.213 total time=  22.6s
[CV 4/5] END custodi_alpha=36.953704044682475, degree=3, n_estimators=205;, score=-0.197 total time=  12.6s
[CV 4/5] END custodi_alpha=53.09642118557309, degree=4, n_estimators=349;, score=-0.193 total time=  23.9s
[CV 3/5] END custodi_alpha=25.837173613558193, degree=6, n_estimators=463;, score=-0.208 total time=  37.1s
[CV 2/5] END custodi_alpha=52.86917892062767, degree=1, n_estimators=237;, score=-0.217 total time=  11.3s
[CV 2/5] END custodi_alpha=14.741989720919053, degree=5, n_estimators=288;, score=-0.206 total time=  26.1s
[CV 2/5] END custodi_alpha=23.251410497886212, degree=2, n_estimators=391;, score=-0.212 total time=  18.5s
[CV 2/5] END custodi_alpha=83.81663987365626, degree=6, n_estimators=393;, score=-0.192 total time=  28.5s
[CV 3/5] END custodi_alpha=96.71312281711774, degree=5, n_estimators=271;, score=-0.192 total time=  24.2s
[CV 3/5] END custodi_alpha=51.04890953695797, degree=4, n_estimators=389;, score=-0.191 total time=  19.8s
[CV 4/5] END custodi_alpha=9.205458769976614, degree=5, n_estimators=417;, score=-0.190 total time=  20.8s
[CV 1/5] END custodi_alpha=36.953704044682475, degree=3, n_estimators=205;, score=-0.199 total time=  13.1s
[CV 1/5] END custodi_alpha=53.09642118557309, degree=4, n_estimators=349;, score=-0.195 total time=  22.0s
[CV 1/5] END custodi_alpha=25.837173613558193, degree=6, n_estimators=463;, score=-0.203 total time=  36.0s
[CV 1/5] END custodi_alpha=52.86917892062767, degree=1, n_estimators=237;, score=-0.225 total time=  12.0s
[CV 5/5] END custodi_alpha=14.741989720919053, degree=5, n_estimators=288;, score=-0.208 total time=  26.7s
[CV 3/5] END custodi_alpha=23.251410497886212, degree=2, n_estimators=391;, score=-0.225 total time=  19.5s
[CV 3/5] END custodi_alpha=83.81663987365626, degree=6, n_estimators=393;, score=-0.187 total time=  29.6s
[CV 4/5] END custodi_alpha=96.71312281711774, degree=5, n_estimators=271;, score=-0.206 total time=  23.7s
[CV 2/5] END custodi_alpha=51.04890953695797, degree=4, n_estimators=389;, score=-0.198 total time=  19.5s
[CV 3/5] END custodi_alpha=9.205458769976614, degree=5, n_estimators=417;, score=-0.185 total time=  21.3s
[CV 2/5] END custodi_alpha=36.953704044682475, degree=3, n_estimators=205;, score=-0.205 total time=  13.2s
[CV 3/5] END custodi_alpha=53.09642118557309, degree=4, n_estimators=349;, score=-0.192 total time=  22.7s
[CV 2/5] END custodi_alpha=25.837173613558193, degree=6, n_estimators=463;, score=-0.214 total time=  39.0s
[CV 5/5] END custodi_alpha=52.86917892062767, degree=1, n_estimators=237;, score=-0.220 total time=   9.9s
[CV 1/5] END custodi_alpha=14.741989720919053, degree=5, n_estimators=288;, score=-0.204 total time=  31.1s
[CV 5/5] END custodi_alpha=23.251410497886212, degree=2, n_estimators=391;, score=-0.226 total time=  19.3s
[CV 4/5] END custodi_alpha=83.81663987365626, degree=6, n_estimators=393;, score=-0.186 total time=  29.7s
[CV 5/5] END custodi_alpha=96.71312281711774, degree=5, n_estimators=271;, score=-0.193 total time=  25.8s
[CV 5/5] END custodi_alpha=51.04890953695797, degree=4, n_estimators=389;, score=-0.204 total time=  18.9s
[CV 2/5] END custodi_alpha=9.205458769976614, degree=5, n_estimators=417;, score=-0.207 total time=  22.8s
[CV 3/5] END custodi_alpha=36.953704044682475, degree=3, n_estimators=205;, score=-0.185 total time=  13.5s
