/home/shaharpit/miniconda3/envs/tensorflow/bin/python gap_ev rf_model_custodi_rep smiles_str_rep_padd 1000
/home/shaharpit/miniconda3/envs/tensorflow/bin/python
index = 64
/home/shaharpit/miniconda3/envs/tensorflow/bin/python ../scripts/run.py rf_model_custodi_rep smiles_str_rep_padd gap_ev 1000
====================================================================================================================================================================================
                              Running for model rf_model_custodi_rep with representation smiles_str_rep_padd for gap_ev property with 1000 test points
====================================================================================================================================================================================
Fitting 5 folds for each of 1 candidates, totalling 5 fits
Fitting 5 folds for each of 1 candidates, totalling 5 fits
Fitting 5 folds for each of 1 candidates, totalling 5 fits
Fitting 5 folds for each of 1 candidates, totalling 5 fits
Fitting 5 folds for each of 1 candidates, totalling 5 fits
Fitting 5 folds for each of 1 candidates, totalling 5 fits
Fitting 5 folds for each of 1 candidates, totalling 5 fits
Fitting 5 folds for each of 1 candidates, totalling 5 fits
Fitting 5 folds for each of 1 candidates, totalling 5 fits
Fitting 5 folds for each of 1 candidates, totalling 5 fits
==================================================
          COMPUTATION ENDED SUCCESSFULLY
==================================================
[CV 1/5] END custodi_alpha=53.09642118557309, degree=4, n_estimators=349;, score=-0.203 total time=  19.7s
[CV 3/5] END custodi_alpha=25.837173613558193, degree=6, n_estimators=463;, score=-0.184 total time=  29.4s
[CV 4/5] END custodi_alpha=52.86917892062767, degree=1, n_estimators=237;, score=-0.210 total time=   9.5s
[CV 1/5] END custodi_alpha=14.741989720919053, degree=5, n_estimators=288;, score=-0.198 total time=  22.2s
[CV 3/5] END custodi_alpha=23.251410497886212, degree=2, n_estimators=391;, score=-0.205 total time=  12.2s
[CV 4/5] END custodi_alpha=83.81663987365626, degree=6, n_estimators=393;, score=-0.195 total time=  21.7s
[CV 2/5] END custodi_alpha=96.71312281711774, degree=5, n_estimators=271;, score=-0.199 total time=  22.2s
[CV 3/5] END custodi_alpha=51.04890953695797, degree=4, n_estimators=389;, score=-0.176 total time=  20.2s
[CV 5/5] END custodi_alpha=9.205458769976614, degree=5, n_estimators=417;, score=-0.201 total time=  23.0s
[CV 5/5] END custodi_alpha=36.953704044682475, degree=3, n_estimators=205;, score=-0.209 total time=  12.6s
[CV 5/5] END custodi_alpha=53.09642118557309, degree=4, n_estimators=349;, score=-0.194 total time=  20.6s
[CV 4/5] END custodi_alpha=25.837173613558193, degree=6, n_estimators=463;, score=-0.211 total time=  28.1s
[CV 2/5] END custodi_alpha=52.86917892062767, degree=1, n_estimators=237;, score=-0.211 total time=   9.9s
[CV 2/5] END custodi_alpha=14.741989720919053, degree=5, n_estimators=288;, score=-0.206 total time=  21.5s
[CV 1/5] END custodi_alpha=23.251410497886212, degree=2, n_estimators=391;, score=-0.216 total time=  12.0s
[CV 3/5] END custodi_alpha=83.81663987365626, degree=6, n_estimators=393;, score=-0.203 total time=  22.5s
[CV 4/5] END custodi_alpha=96.71312281711774, degree=5, n_estimators=271;, score=-0.215 total time=  21.5s
[CV 1/5] END custodi_alpha=51.04890953695797, degree=4, n_estimators=389;, score=-0.195 total time=  18.0s
[CV 2/5] END custodi_alpha=9.205458769976614, degree=5, n_estimators=417;, score=-0.201 total time=  22.2s
[CV 2/5] END custodi_alpha=36.953704044682475, degree=3, n_estimators=205;, score=-0.213 total time=  12.9s
[CV 4/5] END custodi_alpha=53.09642118557309, degree=4, n_estimators=349;, score=-0.205 total time=  18.7s
[CV 1/5] END custodi_alpha=25.837173613558193, degree=6, n_estimators=463;, score=-0.197 total time=  26.8s
[CV 1/5] END custodi_alpha=52.86917892062767, degree=1, n_estimators=237;, score=-0.224 total time=  10.1s
[CV 4/5] END custodi_alpha=14.741989720919053, degree=5, n_estimators=288;, score=-0.199 total time=  21.5s
[CV 2/5] END custodi_alpha=23.251410497886212, degree=2, n_estimators=391;, score=-0.210 total time=  11.4s
[CV 1/5] END custodi_alpha=83.81663987365626, degree=6, n_estimators=393;, score=-0.211 total time=  22.6s
[CV 5/5] END custodi_alpha=96.71312281711774, degree=5, n_estimators=271;, score=-0.199 total time=  22.5s
[CV 5/5] END custodi_alpha=51.04890953695797, degree=4, n_estimators=389;, score=-0.206 total time=  18.6s
[CV 3/5] END custodi_alpha=9.205458769976614, degree=5, n_estimators=417;, score=-0.191 total time=  20.8s
[CV 1/5] END custodi_alpha=36.953704044682475, degree=3, n_estimators=205;, score=-0.209 total time=  12.8s
[CV 2/5] END custodi_alpha=53.09642118557309, degree=4, n_estimators=349;, score=-0.206 total time=  21.1s
[CV 5/5] END custodi_alpha=25.837173613558193, degree=6, n_estimators=463;, score=-0.206 total time=  29.2s
[CV 3/5] END custodi_alpha=52.86917892062767, degree=1, n_estimators=237;, score=-0.207 total time=   9.9s
[CV 3/5] END custodi_alpha=14.741989720919053, degree=5, n_estimators=288;, score=-0.192 total time=  22.4s
[CV 4/5] END custodi_alpha=23.251410497886212, degree=2, n_estimators=391;, score=-0.211 total time=  13.0s
[CV 5/5] END custodi_alpha=83.81663987365626, degree=6, n_estimators=393;, score=-0.200 total time=  21.6s
[CV 3/5] END custodi_alpha=96.71312281711774, degree=5, n_estimators=271;, score=-0.207 total time=  22.0s
[CV 2/5] END custodi_alpha=51.04890953695797, degree=4, n_estimators=389;, score=-0.205 total time=  19.2s
[CV 4/5] END custodi_alpha=9.205458769976614, degree=5, n_estimators=417;, score=-0.200 total time=  22.8s
[CV 4/5] END custodi_alpha=36.953704044682475, degree=3, n_estimators=205;, score=-0.214 total time=  12.9s
[CV 3/5] END custodi_alpha=53.09642118557309, degree=4, n_estimators=349;, score=-0.189 total time=  18.9s
[CV 2/5] END custodi_alpha=25.837173613558193, degree=6, n_estimators=463;, score=-0.196 total time=  30.1s
[CV 5/5] END custodi_alpha=52.86917892062767, degree=1, n_estimators=237;, score=-0.235 total time=  10.3s
[CV 5/5] END custodi_alpha=14.741989720919053, degree=5, n_estimators=288;, score=-0.201 total time=  24.6s
[CV 5/5] END custodi_alpha=23.251410497886212, degree=2, n_estimators=391;, score=-0.217 total time=  11.4s
[CV 2/5] END custodi_alpha=83.81663987365626, degree=6, n_estimators=393;, score=-0.195 total time=  21.4s
[CV 1/5] END custodi_alpha=96.71312281711774, degree=5, n_estimators=271;, score=-0.202 total time=  22.3s
[CV 4/5] END custodi_alpha=51.04890953695797, degree=4, n_estimators=389;, score=-0.189 total time=  17.6s
[CV 1/5] END custodi_alpha=9.205458769976614, degree=5, n_estimators=417;, score=-0.200 total time=  22.4s
[CV 3/5] END custodi_alpha=36.953704044682475, degree=3, n_estimators=205;, score=-0.206 total time=  13.3s
