/home/shaharpit/miniconda3/envs/tensorflow/bin/python aip_ev graph_conv mol_conv_rep 7600
/home/shaharpit/miniconda3/envs/tensorflow/bin/python
index = 36
/home/shaharpit/miniconda3/envs/tensorflow/bin/python ../scripts/run.py graph_conv mol_conv_rep aip_ev 7600
==========================================================================================================================================================
                          Running for model graph_conv with representation mol_conv_rep for aip_ev property with 7600 test points
==========================================================================================================================================================
Fitting 5 folds for each of 1 candidates, totalling 5 fits
[CV 4/5] END batch_size=143, learning_rate=0.06760827480818249, n_filters=184, n_fully_connected_nodes=188;, score=-1.193 total time=13.8min
[CV 3/5] END batch_size=78, learning_rate=0.09789038693897774, n_filters=238, n_fully_connected_nodes=179;, score=-0.471 total time=17.7min
[CV 5/5] END batch_size=143, learning_rate=0.005790726471509332, n_filters=130, n_fully_connected_nodes=101;, score=-0.222 total time= 9.6min
[CV 2/5] END batch_size=51, learning_rate=0.07832684380102871, n_filters=154, n_fully_connected_nodes=151;, score=-1.116 total time=14.9min
[CV 2/5] END batch_size=72, learning_rate=0.024334350210904434, n_filters=204, n_fully_connected_nodes=119;, score=-0.281 total time=15.7min
[CV 3/5] END batch_size=217, learning_rate=0.09912241416523597, n_filters=205, n_fully_connected_nodes=157;, score=-1.239 total time=14.4min
[CV 1/5] END batch_size=248, learning_rate=0.07565553405129892, n_filters=146, n_fully_connected_nodes=99;, score=-0.574 total time=11.0min
[CV 1/5] END batch_size=139, learning_rate=0.05269837615247054, n_filters=203, n_fully_connected_nodes=69;, score=-0.444 total time=12.1min
[CV 1/5] END batch_size=38, learning_rate=0.08961736561325004, n_filters=216, n_fully_connected_nodes=243;, score=-1.298 total time=20.1min
[CV 4/5] END batch_size=105, learning_rate=0.04401892319025642, n_filters=114, n_fully_connected_nodes=217;, score=-1.998 total time=10.2min
[CV 5/5] END batch_size=143, learning_rate=0.06760827480818249, n_filters=184, n_fully_connected_nodes=188;, score=-0.651 total time=14.4min
[CV 5/5] END batch_size=78, learning_rate=0.09789038693897774, n_filters=238, n_fully_connected_nodes=179;, score=-0.825 total time=17.5min
[CV 4/5] END batch_size=143, learning_rate=0.005790726471509332, n_filters=130, n_fully_connected_nodes=101;, score=-0.261 total time=10.0min
[CV 3/5] END batch_size=51, learning_rate=0.07832684380102871, n_filters=154, n_fully_connected_nodes=151;, score=-0.646 total time=14.7min
[CV 1/5] END batch_size=72, learning_rate=0.024334350210904434, n_filters=204, n_fully_connected_nodes=119;, score=-0.602 total time=15.7min
[CV 2/5] END batch_size=217, learning_rate=0.09912241416523597, n_filters=205, n_fully_connected_nodes=157;, score=-2.646 total time=15.3min
[CV 4/5] END batch_size=248, learning_rate=0.07565553405129892, n_filters=146, n_fully_connected_nodes=99;, score=-0.365 total time=11.8min
[CV 2/5] END batch_size=139, learning_rate=0.05269837615247054, n_filters=203, n_fully_connected_nodes=69;, score=-0.349 total time=12.2min
[CV 2/5] END batch_size=38, learning_rate=0.08961736561325004, n_filters=216, n_fully_connected_nodes=243;, score=-0.416 total time=18.6min
[CV 1/5] END batch_size=105, learning_rate=0.04401892319025642, n_filters=114, n_fully_connected_nodes=217;, score=-0.346 total time=11.0min
[CV 2/5] END batch_size=143, learning_rate=0.06760827480818249, n_filters=184, n_fully_connected_nodes=188;, score=-1.022 total time=12.9min
[CV 2/5] END batch_size=78, learning_rate=0.09789038693897774, n_filters=238, n_fully_connected_nodes=179;, score=-3.495 total time=17.1min
[CV 3/5] END batch_size=143, learning_rate=0.005790726471509332, n_filters=130, n_fully_connected_nodes=101;, score=-0.225 total time=10.7min
[CV 4/5] END batch_size=51, learning_rate=0.07832684380102871, n_filters=154, n_fully_connected_nodes=151;, score=-0.414 total time=15.2min
[CV 3/5] END batch_size=72, learning_rate=0.024334350210904434, n_filters=204, n_fully_connected_nodes=119;, score=-0.854 total time=16.5min
[CV 4/5] END batch_size=217, learning_rate=0.09912241416523597, n_filters=205, n_fully_connected_nodes=157;, score=-0.329 total time=16.1min
[CV 5/5] END batch_size=248, learning_rate=0.07565553405129892, n_filters=146, n_fully_connected_nodes=99;, score=-0.653 total time=13.2min
[CV 5/5] END batch_size=139, learning_rate=0.05269837615247054, n_filters=203, n_fully_connected_nodes=69;, score=-0.638 total time=13.8min
[CV 4/5] END batch_size=38, learning_rate=0.08961736561325004, n_filters=216, n_fully_connected_nodes=243;, score=-1.410 total time=19.1min
[CV 2/5] END batch_size=105, learning_rate=0.04401892319025642, n_filters=114, n_fully_connected_nodes=217;, score=-0.277 total time=11.0min
[CV 1/5] END batch_size=143, learning_rate=0.06760827480818249, n_filters=184, n_fully_connected_nodes=188;, score=-2.960 total time=12.4min
[CV 1/5] END batch_size=78, learning_rate=0.09789038693897774, n_filters=238, n_fully_connected_nodes=179;, score=-1.290 total time=16.8min
[CV 1/5] END batch_size=143, learning_rate=0.005790726471509332, n_filters=130, n_fully_connected_nodes=101;, score=-0.268 total time= 9.6min
[CV 1/5] END batch_size=51, learning_rate=0.07832684380102871, n_filters=154, n_fully_connected_nodes=151;, score=-0.865 total time=15.4min
[CV 4/5] END batch_size=72, learning_rate=0.024334350210904434, n_filters=204, n_fully_connected_nodes=119;, score=-0.861 total time=16.5min
[CV 5/5] END batch_size=217, learning_rate=0.09912241416523597, n_filters=205, n_fully_connected_nodes=157;, score=-0.363 total time=14.6min
[CV 2/5] END batch_size=248, learning_rate=0.07565553405129892, n_filters=146, n_fully_connected_nodes=99;, score=-0.557 total time=12.7min
[CV 4/5] END batch_size=139, learning_rate=0.05269837615247054, n_filters=203, n_fully_connected_nodes=69;, score=-0.407 total time=14.0min
[CV 5/5] END batch_size=38, learning_rate=0.08961736561325004, n_filters=216, n_fully_connected_nodes=243;, score=-1.256 total time=20.8min
[CV 5/5] END batch_size=105, learning_rate=0.04401892319025642, n_filters=114, n_fully_connected_nodes=217;, score=-0.726 total time=11.3min
[CV 3/5] END batch_size=143, learning_rate=0.06760827480818249, n_filters=184, n_fully_connected_nodes=188;, score=-1.323 total time=14.0min
[CV 4/5] END batch_size=78, learning_rate=0.09789038693897774, n_filters=238, n_fully_connected_nodes=179;, score=-1.043 total time=17.0min
[CV 2/5] END batch_size=143, learning_rate=0.005790726471509332, n_filters=130, n_fully_connected_nodes=101;, score=-0.340 total time=11.0min
[CV 5/5] END batch_size=51, learning_rate=0.07832684380102871, n_filters=154, n_fully_connected_nodes=151;, score=-0.303 total time=15.5min
[CV 5/5] END batch_size=72, learning_rate=0.024334350210904434, n_filters=204, n_fully_connected_nodes=119;, score=-0.318 total time=15.2min
[CV 1/5] END batch_size=217, learning_rate=0.09912241416523597, n_filters=205, n_fully_connected_nodes=157;, score=-0.599 total time=15.0min
[CV 3/5] END batch_size=248, learning_rate=0.07565553405129892, n_filters=146, n_fully_connected_nodes=99;, score=-1.674 total time=12.3min
[CV 3/5] END batch_size=139, learning_rate=0.05269837615247054, n_filters=203, n_fully_connected_nodes=69;, score=-0.477 total time=13.8min
[CV 3/5] END batch_size=38, learning_rate=0.08961736561325004, n_filters=216, n_fully_connected_nodes=243;, score=-2.935 total time=20.0min
[CV 3/5] END batch_size=105, learning_rate=0.04401892319025642, n_filters=114, n_fully_connected_nodes=217;, score=-0.569 total time=11.5min
Fitting 5 folds for each of 1 candidates, totalling 5 fits
Fitting 5 folds for each of 1 candidates, totalling 5 fits
Fitting 5 folds for each of 1 candidates, totalling 5 fits
Fitting 5 folds for each of 1 candidates, totalling 5 fits
Fitting 5 folds for each of 1 candidates, totalling 5 fits
Fitting 5 folds for each of 1 candidates, totalling 5 fits
Fitting 5 folds for each of 1 candidates, totalling 5 fits
Fitting 5 folds for each of 1 candidates, totalling 5 fits
Fitting 5 folds for each of 1 candidates, totalling 5 fits
==================================================
          COMPUTATION ENDED SUCCESSFULLY
==================================================
