/home/shaharpit/miniconda3/envs/tensorflow/bin/python dipmom_debye rf_model_custodi_rep smiles_str_rep_padd 1000
/home/shaharpit/miniconda3/envs/tensorflow/bin/python
index = 68
/home/shaharpit/miniconda3/envs/tensorflow/bin/python ../scripts/run.py rf_model_custodi_rep smiles_str_rep_padd dipmom_debye 1000
=============================================================================================================================================================================================
                                Running for model rf_model_custodi_rep with representation smiles_str_rep_padd for dipmom_debye property with 1000 test points
=============================================================================================================================================================================================
Fitting 5 folds for each of 1 candidates, totalling 5 fits
Fitting 5 folds for each of 1 candidates, totalling 5 fits
Fitting 5 folds for each of 1 candidates, totalling 5 fits
Fitting 5 folds for each of 1 candidates, totalling 5 fits
Fitting 5 folds for each of 1 candidates, totalling 5 fits
Fitting 5 folds for each of 1 candidates, totalling 5 fits
Fitting 5 folds for each of 1 candidates, totalling 5 fits
Fitting 5 folds for each of 1 candidates, totalling 5 fits
Fitting 5 folds for each of 1 candidates, totalling 5 fits
Fitting 5 folds for each of 1 candidates, totalling 5 fits
==================================================
          COMPUTATION ENDED SUCCESSFULLY
==================================================
[CV 5/5] END custodi_alpha=53.09642118557309, degree=4, n_estimators=349;, score=-0.607 total time=  26.8s
[CV 1/5] END custodi_alpha=25.837173613558193, degree=6, n_estimators=463;, score=-0.624 total time=  31.1s
[CV 1/5] END custodi_alpha=52.86917892062767, degree=1, n_estimators=237;, score=-0.618 total time=  10.2s
[CV 2/5] END custodi_alpha=14.741989720919053, degree=5, n_estimators=288;, score=-0.617 total time=  21.0s
[CV 3/5] END custodi_alpha=23.251410497886212, degree=2, n_estimators=391;, score=-0.592 total time=  15.1s
[CV 2/5] END custodi_alpha=83.81663987365626, degree=6, n_estimators=393;, score=-0.619 total time=  33.0s
[CV 5/5] END custodi_alpha=96.71312281711774, degree=5, n_estimators=271;, score=-0.624 total time=  19.9s
[CV 2/5] END custodi_alpha=51.04890953695797, degree=4, n_estimators=389;, score=-0.614 total time=  18.7s
[CV 4/5] END custodi_alpha=9.205458769976614, degree=5, n_estimators=417;, score=-0.631 total time=  19.8s
[CV 1/5] END custodi_alpha=36.953704044682475, degree=3, n_estimators=205;, score=-0.628 total time=  14.3s
[CV 4/5] END custodi_alpha=53.09642118557309, degree=4, n_estimators=349;, score=-0.617 total time=  31.7s
[CV 2/5] END custodi_alpha=25.837173613558193, degree=6, n_estimators=463;, score=-0.611 total time=  31.1s
[CV 2/5] END custodi_alpha=52.86917892062767, degree=1, n_estimators=237;, score=-0.591 total time=  10.2s
[CV 3/5] END custodi_alpha=14.741989720919053, degree=5, n_estimators=288;, score=-0.600 total time=  20.6s
[CV 2/5] END custodi_alpha=23.251410497886212, degree=2, n_estimators=391;, score=-0.599 total time=  14.5s
[CV 1/5] END custodi_alpha=83.81663987365626, degree=6, n_estimators=393;, score=-0.633 total time=  30.5s
[CV 3/5] END custodi_alpha=96.71312281711774, degree=5, n_estimators=271;, score=-0.597 total time=  20.5s
[CV 4/5] END custodi_alpha=51.04890953695797, degree=4, n_estimators=389;, score=-0.620 total time=  17.4s
[CV 1/5] END custodi_alpha=9.205458769976614, degree=5, n_estimators=417;, score=-0.633 total time=  20.0s
[CV 3/5] END custodi_alpha=36.953704044682475, degree=3, n_estimators=205;, score=-0.591 total time=  14.8s
[CV 2/5] END custodi_alpha=53.09642118557309, degree=4, n_estimators=349;, score=-0.613 total time=  36.4s
[CV 5/5] END custodi_alpha=25.837173613558193, degree=6, n_estimators=463;, score=-0.620 total time=  43.2s
[CV 4/5] END custodi_alpha=52.86917892062767, degree=1, n_estimators=237;, score=-0.601 total time=   9.9s
[CV 1/5] END custodi_alpha=14.741989720919053, degree=5, n_estimators=288;, score=-0.631 total time=  20.4s
[CV 1/5] END custodi_alpha=23.251410497886212, degree=2, n_estimators=391;, score=-0.630 total time=  15.3s
[CV 3/5] END custodi_alpha=83.81663987365626, degree=6, n_estimators=393;, score=-0.599 total time=  30.1s
[CV 2/5] END custodi_alpha=96.71312281711774, degree=5, n_estimators=271;, score=-0.608 total time=  20.1s
[CV 3/5] END custodi_alpha=51.04890953695797, degree=4, n_estimators=389;, score=-0.591 total time=  19.0s
[CV 5/5] END custodi_alpha=9.205458769976614, degree=5, n_estimators=417;, score=-0.612 total time=  19.7s
[CV 2/5] END custodi_alpha=36.953704044682475, degree=3, n_estimators=205;, score=-0.603 total time=  15.6s
[CV 1/5] END custodi_alpha=53.09642118557309, degree=4, n_estimators=349;, score=-0.620 total time=  36.5s
[CV 3/5] END custodi_alpha=25.837173613558193, degree=6, n_estimators=463;, score=-0.595 total time=  46.1s
[CV 5/5] END custodi_alpha=52.86917892062767, degree=1, n_estimators=237;, score=-0.605 total time=  10.3s
[CV 5/5] END custodi_alpha=14.741989720919053, degree=5, n_estimators=288;, score=-0.616 total time=  21.5s
[CV 5/5] END custodi_alpha=23.251410497886212, degree=2, n_estimators=391;, score=-0.607 total time=  15.2s
[CV 4/5] END custodi_alpha=83.81663987365626, degree=6, n_estimators=393;, score=-0.621 total time=  31.2s
[CV 4/5] END custodi_alpha=96.71312281711774, degree=5, n_estimators=271;, score=-0.612 total time=  20.4s
[CV 5/5] END custodi_alpha=51.04890953695797, degree=4, n_estimators=389;, score=-0.610 total time=  18.3s
[CV 2/5] END custodi_alpha=9.205458769976614, degree=5, n_estimators=417;, score=-0.614 total time=  20.7s
[CV 4/5] END custodi_alpha=36.953704044682475, degree=3, n_estimators=205;, score=-0.604 total time=  15.8s
[CV 3/5] END custodi_alpha=53.09642118557309, degree=4, n_estimators=349;, score=-0.590 total time=  36.5s
[CV 4/5] END custodi_alpha=25.837173613558193, degree=6, n_estimators=463;, score=-0.624 total time=  42.6s
[CV 3/5] END custodi_alpha=52.86917892062767, degree=1, n_estimators=237;, score=-0.579 total time=  10.6s
[CV 4/5] END custodi_alpha=14.741989720919053, degree=5, n_estimators=288;, score=-0.611 total time=  20.6s
[CV 4/5] END custodi_alpha=23.251410497886212, degree=2, n_estimators=391;, score=-0.614 total time=  15.9s
[CV 5/5] END custodi_alpha=83.81663987365626, degree=6, n_estimators=393;, score=-0.601 total time=  29.8s
[CV 1/5] END custodi_alpha=96.71312281711774, degree=5, n_estimators=271;, score=-0.622 total time=  19.4s
[CV 1/5] END custodi_alpha=51.04890953695797, degree=4, n_estimators=389;, score=-0.619 total time=  18.4s
[CV 3/5] END custodi_alpha=9.205458769976614, degree=5, n_estimators=417;, score=-0.602 total time=  21.1s
[CV 5/5] END custodi_alpha=36.953704044682475, degree=3, n_estimators=205;, score=-0.603 total time=  15.1s
