/home/shaharpit/miniconda3/envs/tensorflow/bin/python gap_ev graph_conv mol_conv_rep 1000
/home/shaharpit/miniconda3/envs/tensorflow/bin/python
index = 3
/home/shaharpit/miniconda3/envs/tensorflow/bin/python ../scripts/run.py graph_conv mol_conv_rep gap_ev 1000
==========================================================================================================================================================
                          Running for model graph_conv with representation mol_conv_rep for gap_ev property with 1000 test points
==========================================================================================================================================================
Fitting 5 folds for each of 1 candidates, totalling 5 fits
[CV 3/5] END batch_size=143, learning_rate=0.06760827480818249, n_filters=184, n_fully_connected_nodes=188;, score=-0.549 total time=738.3min
[CV 2/5] END batch_size=143, learning_rate=0.06760827480818249, n_filters=184, n_fully_connected_nodes=188;, score=-0.259 total time=738.8min
[CV 1/5] END batch_size=143, learning_rate=0.06760827480818249, n_filters=184, n_fully_connected_nodes=188;, score=-0.455 total time=739.5min
Fitting 5 folds for each of 1 candidates, totalling 5 fits
[CV 3/5] END batch_size=78, learning_rate=0.09789038693897774, n_filters=238, n_fully_connected_nodes=179;, score=-0.327 total time=941.5min
[CV 5/5] END batch_size=143, learning_rate=0.06760827480818249, n_filters=184, n_fully_connected_nodes=188;, score=-0.513 total time=751.0min
[CV 1/5] END batch_size=78, learning_rate=0.09789038693897774, n_filters=238, n_fully_connected_nodes=179;, score=-0.453 total time=943.6min
[CV 5/5] END batch_size=78, learning_rate=0.09789038693897774, n_filters=238, n_fully_connected_nodes=179;, score=-3.182 total time=941.9min
[CV 4/5] END batch_size=143, learning_rate=0.06760827480818249, n_filters=184, n_fully_connected_nodes=188;, score=-0.280 total time=754.0min
[CV 2/5] END batch_size=78, learning_rate=0.09789038693897774, n_filters=238, n_fully_connected_nodes=179;, score=-0.737 total time=943.7min
Fitting 5 folds for each of 1 candidates, totalling 5 fits
[CV 4/5] END batch_size=78, learning_rate=0.09789038693897774, n_filters=238, n_fully_connected_nodes=179;, score=-1.047 total time=947.6min
[CV 1/5] END batch_size=143, learning_rate=0.005790726471509332, n_filters=130, n_fully_connected_nodes=101;, score=-0.076 total time=486.8min
[CV 5/5] END batch_size=143, learning_rate=0.005790726471509332, n_filters=130, n_fully_connected_nodes=101;, score=-0.082 total time=500.9min
Fitting 5 folds for each of 1 candidates, totalling 5 fits
[CV 3/5] END batch_size=143, learning_rate=0.005790726471509332, n_filters=130, n_fully_connected_nodes=101;, score=-0.095 total time=506.4min
[CV 3/5] END batch_size=51, learning_rate=0.07832684380102871, n_filters=154, n_fully_connected_nodes=151;, score=-0.194 total time=591.1min
[CV 2/5] END batch_size=143, learning_rate=0.005790726471509332, n_filters=130, n_fully_connected_nodes=101;, score=-0.095 total time=504.1min
[CV 2/5] END batch_size=51, learning_rate=0.07832684380102871, n_filters=154, n_fully_connected_nodes=151;, score=-0.227 total time=598.6min
[CV 4/5] END batch_size=51, learning_rate=0.07832684380102871, n_filters=154, n_fully_connected_nodes=151;, score=-0.476 total time=599.8min
[CV 5/5] END batch_size=51, learning_rate=0.07832684380102871, n_filters=154, n_fully_connected_nodes=151;, score=-0.373 total time=602.2min
Fitting 5 folds for each of 1 candidates, totalling 5 fits
[CV 4/5] END batch_size=143, learning_rate=0.005790726471509332, n_filters=130, n_fully_connected_nodes=101;, score=-0.080 total time=502.6min
[CV 1/5] END batch_size=51, learning_rate=0.07832684380102871, n_filters=154, n_fully_connected_nodes=151;, score=-0.574 total time=610.2min
[CV 1/5] END batch_size=72, learning_rate=0.024334350210904434, n_filters=204, n_fully_connected_nodes=119;, score=-0.147 total time=755.5min
[CV 2/5] END batch_size=72, learning_rate=0.024334350210904434, n_filters=204, n_fully_connected_nodes=119;, score=-0.101 total time=757.9min
[CV 4/5] END batch_size=72, learning_rate=0.024334350210904434, n_filters=204, n_fully_connected_nodes=119;, score=-0.103 total time=765.3min
Fitting 5 folds for each of 1 candidates, totalling 5 fits
[CV 3/5] END batch_size=217, learning_rate=0.09912241416523597, n_filters=205, n_fully_connected_nodes=157;, score=-1.406 total time=782.4min
[CV 3/5] END batch_size=72, learning_rate=0.024334350210904434, n_filters=204, n_fully_connected_nodes=119;, score=-0.171 total time=777.9min
[CV 2/5] END batch_size=217, learning_rate=0.09912241416523597, n_filters=205, n_fully_connected_nodes=157;, score=-0.663 total time=787.1min
[CV 5/5] END batch_size=72, learning_rate=0.024334350210904434, n_filters=204, n_fully_connected_nodes=119;, score=-0.525 total time=773.0min
[CV 1/5] END batch_size=217, learning_rate=0.09912241416523597, n_filters=205, n_fully_connected_nodes=157;, score=-0.367 total time=788.6min
Fitting 5 folds for each of 1 candidates, totalling 5 fits
[CV 5/5] END batch_size=217, learning_rate=0.09912241416523597, n_filters=205, n_fully_connected_nodes=157;, score=-2.118 total time=794.9min
[CV 1/5] END batch_size=248, learning_rate=0.07565553405129892, n_filters=146, n_fully_connected_nodes=99;, score=-0.171 total time=546.9min
[CV 3/5] END batch_size=248, learning_rate=0.07565553405129892, n_filters=146, n_fully_connected_nodes=99;, score=-0.250 total time=544.5min
[CV 4/5] END batch_size=217, learning_rate=0.09912241416523597, n_filters=205, n_fully_connected_nodes=157;, score=-2.941 total time=798.2min
[CV 2/5] END batch_size=248, learning_rate=0.07565553405129892, n_filters=146, n_fully_connected_nodes=99;, score=-0.191 total time=557.3min
Fitting 5 folds for each of 1 candidates, totalling 5 fits
[CV 4/5] END batch_size=139, learning_rate=0.05269837615247054, n_filters=203, n_fully_connected_nodes=69;, score=-0.141 total time=731.5min
[CV 4/5] END batch_size=248, learning_rate=0.07565553405129892, n_filters=146, n_fully_connected_nodes=99;, score=-0.419 total time=559.0min
[CV 2/5] END batch_size=139, learning_rate=0.05269837615247054, n_filters=203, n_fully_connected_nodes=69;, score=-0.208 total time=740.7min
[CV 5/5] END batch_size=248, learning_rate=0.07565553405129892, n_filters=146, n_fully_connected_nodes=99;, score=-0.282 total time=558.1min
[CV 1/5] END batch_size=139, learning_rate=0.05269837615247054, n_filters=203, n_fully_connected_nodes=69;, score=-0.135 total time=743.4min
Fitting 5 folds for each of 1 candidates, totalling 5 fits
[CV 5/5] END batch_size=38, learning_rate=0.08961736561325004, n_filters=216, n_fully_connected_nodes=243;, score=-0.340 total time=887.0min
[CV 4/5] END batch_size=38, learning_rate=0.08961736561325004, n_filters=216, n_fully_connected_nodes=243;, score=-3.822 total time=888.0min
[CV 5/5] END batch_size=139, learning_rate=0.05269837615247054, n_filters=203, n_fully_connected_nodes=69;, score=-0.397 total time=748.1min
[CV 1/5] END batch_size=38, learning_rate=0.08961736561325004, n_filters=216, n_fully_connected_nodes=243;, score=-2.908 total time=899.5min
Fitting 5 folds for each of 1 candidates, totalling 5 fits
[CV 3/5] END batch_size=139, learning_rate=0.05269837615247054, n_filters=203, n_fully_connected_nodes=69;, score=-0.145 total time=752.3min
[CV 2/5] END batch_size=38, learning_rate=0.08961736561325004, n_filters=216, n_fully_connected_nodes=243;, score=-1.535 total time=904.2min
[CV 1/5] END batch_size=105, learning_rate=0.04401892319025642, n_filters=114, n_fully_connected_nodes=217;, score=-0.145 total time=511.2min
[CV 5/5] END batch_size=105, learning_rate=0.04401892319025642, n_filters=114, n_fully_connected_nodes=217;, score=-0.161 total time=509.4min
